# JRE version: Java(TM) SE Runtime Environment (8.0_91-b14) (build 1.8.0_91-b14)
# Java VM: Java HotSpot(TM) 64-Bit Server VM (25.91-b14 mixed mode windows-amd64 compressed oops)
Heap:
 PSYoungGen      total 18944K, used 2843K [0x00000000eb400000, 0x00000000ec900000, 0x0000000100000000)
  eden space 16384K, 17% used [0x00000000eb400000,0x00000000eb6c6d70,0x00000000ec400000)
  from space 2560K, 0% used [0x00000000ec400000,0x00000000ec400000,0x00000000ec680000)
  to   space 2560K, 0% used [0x00000000ec680000,0x00000000ec680000,0x00000000ec900000)
 ParOldGen       total 33792K, used 701K [0x00000000c1c00000, 0x00000000c3d00000, 0x00000000eb400000)
  object space 33792K, 2% used [0x00000000c1c00000,0x00000000c1caf638,0x00000000c3d00000)
 Metaspace       used 8119K, capacity 8338K, committed 8576K, reserved 1062912K
  class space    used 992K, capacity 1072K, committed 1152K, reserved 1048576K
GC Heap History (4 events):
Event: 0.338 GC heap before
{Heap before GC invocations=1 (full 0):
 PSYoungGen      total 18944K, used 2949K [0x00000000eb400000, 0x00000000ec900000, 0x0000000100000000)
  eden space 16384K, 18% used [0x00000000eb400000,0x00000000eb6e1770,0x00000000ec400000)
  from space 2560K, 0% used [0x00000000ec680000,0x00000000ec680000,0x00000000ec900000)
  to   space 2560K, 0% used [0x00000000ec400000,0x00000000ec400000,0x00000000ec680000)
 ParOldGen       total 44032K, used 0K [0x00000000c1c00000, 0x00000000c4700000, 0x00000000eb400000)
  object space 44032K, 0% used [0x00000000c1c00000,0x00000000c1c00000,0x00000000c4700000)
 Metaspace       used 4804K, capacity 4974K, committed 4992K, reserved 1060864K
  class space    used 558K, capacity 635K, committed 640K, reserved 1048576K
Event: 0.339 GC heap after
Heap after GC invocations=1 (full 0):
 PSYoungGen      total 18944K, used 800K [0x00000000eb400000, 0x00000000ec900000, 0x0000000100000000)
  eden space 16384K, 0% used [0x00000000eb400000,0x00000000eb400000,0x00000000ec400000)
  from space 2560K, 31% used [0x00000000ec400000,0x00000000ec4c8020,0x00000000ec680000)
  to   space 2560K, 0% used [0x00000000ec680000,0x00000000ec680000,0x00000000ec900000)
 ParOldGen       total 44032K, used 8K [0x00000000c1c00000, 0x00000000c4700000, 0x00000000eb400000)
  object space 44032K, 0% used [0x00000000c1c00000,0x00000000c1c02000,0x00000000c4700000)
 Metaspace       used 4804K, capacity 4974K, committed 4992K, reserved 1060864K
  class space    used 558K, capacity 635K, committed 640K, reserved 1048576K
}
Event: 0.339 GC heap before
{Heap before GC invocations=2 (full 1):
 PSYoungGen      total 18944K, used 800K [0x00000000eb400000, 0x00000000ec900000, 0x0000000100000000)
  eden space 16384K, 0% used [0x00000000eb400000,0x00000000eb400000,0x00000000ec400000)
  from space 2560K, 31% used [0x00000000ec400000,0x00000000ec4c8020,0x00000000ec680000)
  to   space 2560K, 0% used [0x00000000ec680000,0x00000000ec680000,0x00000000ec900000)
 ParOldGen       total 44032K, used 8K [0x00000000c1c00000, 0x00000000c4700000, 0x00000000eb400000)
  object space 44032K, 0% used [0x00000000c1c00000,0x00000000c1c02000,0x00000000c4700000)
 Metaspace       used 4804K, capacity 4974K, committed 4992K, reserved 1060864K
  class space    used 558K, capacity 635K, committed 640K, reserved 1048576K
Event: 0.428 GC heap after
Heap after GC invocations=2 (full 1):
 PSYoungGen      total 18944K, used 0K [0x00000000eb400000, 0x00000000ec900000, 0x0000000100000000)
  eden space 16384K, 0% used [0x00000000eb400000,0x00000000eb400000,0x00000000ec400000)
  from space 2560K, 0% used [0x00000000ec400000,0x00000000ec400000,0x00000000ec680000)
  to   space 2560K, 0% used [0x00000000ec680000,0x00000000ec680000,0x00000000ec900000)
 ParOldGen       total 33792K, used 701K [0x00000000c1c00000, 0x00000000c3d00000, 0x00000000eb400000)
  object space 33792K, 2% used [0x00000000c1c00000,0x00000000c1caf638,0x00000000c3d00000)
 Metaspace       used 4804K, capacity 4974K, committed 4992K, reserved 1058816K
  class space    used 558K, capacity 635K, committed 640K, reserved 1048576K
}

